<?xml version="1.0" encoding="UTF-8"?>
<testng-results skipped="0" failed="0" total="1" passed="1">
  <reporter-output>
  </reporter-output>
  <suite name="Default suite" duration-ms="314825" started-at="2018-04-25T05:53:48Z" finished-at="2018-04-25T05:59:02Z">
    <groups>
    </groups>
    <test name="Default test" duration-ms="314825" started-at="2018-04-25T05:53:48Z" finished-at="2018-04-25T05:59:02Z">
      <class name="com.pixere.desktop.automation.test.ImageConverterAuto">
        <test-method status="PASS" signature="beforeMethod()[pri:0, instance:com.pixere.desktop.automation.test.ImageConverterAuto@9d9c55]" name="beforeMethod" is-config="true" duration-ms="21389" started-at="2018-04-25T01:53:48Z" finished-at="2018-04-25T01:54:09Z">
          <reporter-output>
          </reporter-output>
        </test-method> <!-- beforeMethod -->
        <test-method status="PASS" signature="testWiniumAutomation()[pri:0, instance:com.pixere.desktop.automation.test.ImageConverterAuto@9d9c55]" name="testWiniumAutomation" duration-ms="278059" started-at="2018-04-25T01:54:09Z" finished-at="2018-04-25T01:58:47Z">
          <reporter-output>
          </reporter-output>
        </test-method> <!-- testWiniumAutomation -->
        <test-method status="PASS" signature="afterMethod()[pri:0, instance:com.pixere.desktop.automation.test.ImageConverterAuto@9d9c55]" name="afterMethod" is-config="true" duration-ms="15354" started-at="2018-04-25T01:58:47Z" finished-at="2018-04-25T01:59:02Z">
          <reporter-output>
          </reporter-output>
        </test-method> <!-- afterMethod -->
      </class> <!-- com.pixere.desktop.automation.test.ImageConverterAuto -->
    </test> <!-- Default test -->
  </suite> <!-- Default suite -->
</testng-results>
